<?xml version="1.0" encoding="UTF-8"?>
<testsuite xmlns:xsi="http://www.w3.org/2001/XMLSchema-instance" xsi:noNamespaceSchemaLocation="https://maven.apache.org/surefire/maven-surefire-plugin/xsd/surefire-test-report-3.0.xsd" version="3.0" name="com.onedayoffer.taskdistribution.TaskDistributionApplicationTests" time="3.368" tests="6" errors="0" skipped="0" failures="0">
  <properties>
    <property name="java.specification.version" value="17"/>
    <property name="sun.jnu.encoding" value="UTF-8"/>
    <property name="java.class.path" value="/home/me/GIT/testTasks/sportmaster/my/target/test-classes:/home/me/GIT/testTasks/sportmaster/my/target/classes:/home/me/.m2/repository/org/springframework/boot/spring-boot-starter-data-jpa/3.2.2/spring-boot-starter-data-jpa-3.2.2.jar:/home/me/.m2/repository/org/springframework/boot/spring-boot-starter-aop/3.2.2/spring-boot-starter-aop-3.2.2.jar:/home/me/.m2/repository/org/springframework/spring-aop/6.1.3/spring-aop-6.1.3.jar:/home/me/.m2/repository/org/aspectj/aspectjweaver/1.9.21/aspectjweaver-1.9.21.jar:/home/me/.m2/repository/org/springframework/boot/spring-boot-starter-jdbc/3.2.2/spring-boot-starter-jdbc-3.2.2.jar:/home/me/.m2/repository/com/zaxxer/HikariCP/5.0.1/HikariCP-5.0.1.jar:/home/me/.m2/repository/org/springframework/spring-jdbc/6.1.3/spring-jdbc-6.1.3.jar:/home/me/.m2/repository/org/hibernate/orm/hibernate-core/6.4.1.Final/hibernate-core-6.4.1.Final.jar:/home/me/.m2/repository/jakarta/persistence/jakarta.persistence-api/3.1.0/jakarta.persistence-api-3.1.0.jar:/home/me/.m2/repository/jakarta/transaction/jakarta.transaction-api/2.0.1/jakarta.transaction-api-2.0.1.jar:/home/me/.m2/repository/org/jboss/logging/jboss-logging/3.5.3.Final/jboss-logging-3.5.3.Final.jar:/home/me/.m2/repository/org/hibernate/common/hibernate-commons-annotations/6.0.6.Final/hibernate-commons-annotations-6.0.6.Final.jar:/home/me/.m2/repository/io/smallrye/jandex/3.1.2/jandex-3.1.2.jar:/home/me/.m2/repository/com/fasterxml/classmate/1.6.0/classmate-1.6.0.jar:/home/me/.m2/repository/org/glassfish/jaxb/jaxb-runtime/4.0.4/jaxb-runtime-4.0.4.jar:/home/me/.m2/repository/org/glassfish/jaxb/jaxb-core/4.0.4/jaxb-core-4.0.4.jar:/home/me/.m2/repository/org/eclipse/angus/angus-activation/2.0.1/angus-activation-2.0.1.jar:/home/me/.m2/repository/org/glassfish/jaxb/txw2/4.0.4/txw2-4.0.4.jar:/home/me/.m2/repository/com/sun/istack/istack-commons-runtime/4.1.2/istack-commons-runtime-4.1.2.jar:/home/me/.m2/repository/jakarta/inject/jakarta.inject-api/2.0.1/jakarta.inject-api-2.0.1.jar:/home/me/.m2/repository/org/antlr/antlr4-runtime/4.13.0/antlr4-runtime-4.13.0.jar:/home/me/.m2/repository/org/springframework/data/spring-data-jpa/3.2.2/spring-data-jpa-3.2.2.jar:/home/me/.m2/repository/org/springframework/data/spring-data-commons/3.2.2/spring-data-commons-3.2.2.jar:/home/me/.m2/repository/org/springframework/spring-orm/6.1.3/spring-orm-6.1.3.jar:/home/me/.m2/repository/org/springframework/spring-context/6.1.3/spring-context-6.1.3.jar:/home/me/.m2/repository/org/springframework/spring-tx/6.1.3/spring-tx-6.1.3.jar:/home/me/.m2/repository/org/springframework/spring-beans/6.1.3/spring-beans-6.1.3.jar:/home/me/.m2/repository/jakarta/annotation/jakarta.annotation-api/2.1.1/jakarta.annotation-api-2.1.1.jar:/home/me/.m2/repository/org/slf4j/slf4j-api/2.0.11/slf4j-api-2.0.11.jar:/home/me/.m2/repository/org/springframework/spring-aspects/6.1.3/spring-aspects-6.1.3.jar:/home/me/.m2/repository/org/springframework/boot/spring-boot-starter-web/3.2.2/spring-boot-starter-web-3.2.2.jar:/home/me/.m2/repository/org/springframework/boot/spring-boot-starter/3.2.2/spring-boot-starter-3.2.2.jar:/home/me/.m2/repository/org/springframework/boot/spring-boot/3.2.2/spring-boot-3.2.2.jar:/home/me/.m2/repository/org/springframework/boot/spring-boot-autoconfigure/3.2.2/spring-boot-autoconfigure-3.2.2.jar:/home/me/.m2/repository/org/springframework/boot/spring-boot-starter-logging/3.2.2/spring-boot-starter-logging-3.2.2.jar:/home/me/.m2/repository/ch/qos/logback/logback-classic/1.4.14/logback-classic-1.4.14.jar:/home/me/.m2/repository/ch/qos/logback/logback-core/1.4.14/logback-core-1.4.14.jar:/home/me/.m2/repository/org/apache/logging/log4j/log4j-to-slf4j/2.21.1/log4j-to-slf4j-2.21.1.jar:/home/me/.m2/repository/org/slf4j/jul-to-slf4j/2.0.11/jul-to-slf4j-2.0.11.jar:/home/me/.m2/repository/org/yaml/snakeyaml/2.2/snakeyaml-2.2.jar:/home/me/.m2/repository/org/springframework/boot/spring-boot-starter-json/3.2.2/spring-boot-starter-json-3.2.2.jar:/home/me/.m2/repository/com/fasterxml/jackson/core/jackson-databind/2.15.3/jackson-databind-2.15.3.jar:/home/me/.m2/repository/com/fasterxml/jackson/core/jackson-annotations/2.15.3/jackson-annotations-2.15.3.jar:/home/me/.m2/repository/com/fasterxml/jackson/core/jackson-core/2.15.3/jackson-core-2.15.3.jar:/home/me/.m2/repository/com/fasterxml/jackson/datatype/jackson-datatype-jdk8/2.15.3/jackson-datatype-jdk8-2.15.3.jar:/home/me/.m2/repository/com/fasterxml/jackson/datatype/jackson-datatype-jsr310/2.15.3/jackson-datatype-jsr310-2.15.3.jar:/home/me/.m2/repository/com/fasterxml/jackson/module/jackson-module-parameter-names/2.15.3/jackson-module-parameter-names-2.15.3.jar:/home/me/.m2/repository/org/springframework/boot/spring-boot-starter-tomcat/3.2.2/spring-boot-starter-tomcat-3.2.2.jar:/home/me/.m2/repository/org/apache/tomcat/embed/tomcat-embed-core/10.1.18/tomcat-embed-core-10.1.18.jar:/home/me/.m2/repository/org/apache/tomcat/embed/tomcat-embed-el/10.1.18/tomcat-embed-el-10.1.18.jar:/home/me/.m2/repository/org/apache/tomcat/embed/tomcat-embed-websocket/10.1.18/tomcat-embed-websocket-10.1.18.jar:/home/me/.m2/repository/org/springframework/spring-web/6.1.3/spring-web-6.1.3.jar:/home/me/.m2/repository/io/micrometer/micrometer-observation/1.12.2/micrometer-observation-1.12.2.jar:/home/me/.m2/repository/io/micrometer/micrometer-commons/1.12.2/micrometer-commons-1.12.2.jar:/home/me/.m2/repository/org/springframework/spring-webmvc/6.1.3/spring-webmvc-6.1.3.jar:/home/me/.m2/repository/org/springframework/spring-expression/6.1.3/spring-expression-6.1.3.jar:/home/me/.m2/repository/com/h2database/h2/2.2.224/h2-2.2.224.jar:/home/me/.m2/repository/org/projectlombok/lombok/1.18.30/lombok-1.18.30.jar:/home/me/.m2/repository/org/modelmapper/modelmapper/3.0.0/modelmapper-3.0.0.jar:/home/me/.m2/repository/org/springframework/boot/spring-boot-starter-test/3.2.2/spring-boot-starter-test-3.2.2.jar:/home/me/.m2/repository/org/springframework/boot/spring-boot-test/3.2.2/spring-boot-test-3.2.2.jar:/home/me/.m2/repository/org/springframework/boot/spring-boot-test-autoconfigure/3.2.2/spring-boot-test-autoconfigure-3.2.2.jar:/home/me/.m2/repository/com/jayway/jsonpath/json-path/2.8.0/json-path-2.8.0.jar:/home/me/.m2/repository/jakarta/xml/bind/jakarta.xml.bind-api/4.0.1/jakarta.xml.bind-api-4.0.1.jar:/home/me/.m2/repository/jakarta/activation/jakarta.activation-api/2.1.2/jakarta.activation-api-2.1.2.jar:/home/me/.m2/repository/net/minidev/json-smart/2.5.0/json-smart-2.5.0.jar:/home/me/.m2/repository/net/minidev/accessors-smart/2.5.0/accessors-smart-2.5.0.jar:/home/me/.m2/repository/org/ow2/asm/asm/9.3/asm-9.3.jar:/home/me/.m2/repository/org/awaitility/awaitility/4.2.0/awaitility-4.2.0.jar:/home/me/.m2/repository/org/hamcrest/hamcrest/2.2/hamcrest-2.2.jar:/home/me/.m2/repository/org/junit/jupiter/junit-jupiter/5.10.1/junit-jupiter-5.10.1.jar:/home/me/.m2/repository/org/junit/jupiter/junit-jupiter-api/5.10.1/junit-jupiter-api-5.10.1.jar:/home/me/.m2/repository/org/opentest4j/opentest4j/1.3.0/opentest4j-1.3.0.jar:/home/me/.m2/repository/org/junit/platform/junit-platform-commons/1.10.1/junit-platform-commons-1.10.1.jar:/home/me/.m2/repository/org/apiguardian/apiguardian-api/1.1.2/apiguardian-api-1.1.2.jar:/home/me/.m2/repository/org/junit/jupiter/junit-jupiter-params/5.10.1/junit-jupiter-params-5.10.1.jar:/home/me/.m2/repository/org/junit/jupiter/junit-jupiter-engine/5.10.1/junit-jupiter-engine-5.10.1.jar:/home/me/.m2/repository/org/junit/platform/junit-platform-engine/1.10.1/junit-platform-engine-1.10.1.jar:/home/me/.m2/repository/org/mockito/mockito-core/5.7.0/mockito-core-5.7.0.jar:/home/me/.m2/repository/net/bytebuddy/byte-buddy-agent/1.14.11/byte-buddy-agent-1.14.11.jar:/home/me/.m2/repository/org/objenesis/objenesis/3.3/objenesis-3.3.jar:/home/me/.m2/repository/org/mockito/mockito-junit-jupiter/5.7.0/mockito-junit-jupiter-5.7.0.jar:/home/me/.m2/repository/org/skyscreamer/jsonassert/1.5.1/jsonassert-1.5.1.jar:/home/me/.m2/repository/com/vaadin/external/google/android-json/0.0.20131108.vaadin1/android-json-0.0.20131108.vaadin1.jar:/home/me/.m2/repository/org/springframework/spring-core/6.1.3/spring-core-6.1.3.jar:/home/me/.m2/repository/org/springframework/spring-jcl/6.1.3/spring-jcl-6.1.3.jar:/home/me/.m2/repository/org/springframework/spring-test/6.1.3/spring-test-6.1.3.jar:/home/me/.m2/repository/org/xmlunit/xmlunit-core/2.9.1/xmlunit-core-2.9.1.jar:/home/me/.m2/repository/org/assertj/assertj-core/3.25.3/assertj-core-3.25.3.jar:/home/me/.m2/repository/net/bytebuddy/byte-buddy/1.14.11/byte-buddy-1.14.11.jar:/home/me/.m2/repository/org/apache/logging/log4j/log4j-api/2.6.1/log4j-api-2.6.1.jar:/home/me/.m2/repository/org/apache/logging/log4j/log4j-core/2.6.1/log4j-core-2.6.1.jar:/home/me/.m2/repository/io/springfox/springfox-swagger-ui/3.0.0/springfox-swagger-ui-3.0.0.jar:/home/me/.m2/repository/io/springfox/springfox-spring-webmvc/3.0.0/springfox-spring-webmvc-3.0.0.jar:/home/me/.m2/repository/io/springfox/springfox-spi/3.0.0/springfox-spi-3.0.0.jar:/home/me/.m2/repository/io/springfox/springfox-schema/3.0.0/springfox-schema-3.0.0.jar:/home/me/.m2/repository/io/springfox/springfox-core/3.0.0/springfox-core-3.0.0.jar:/home/me/.m2/repository/io/springfox/springfox-spring-web/3.0.0/springfox-spring-web-3.0.0.jar:/home/me/.m2/repository/io/github/classgraph/classgraph/4.8.83/classgraph-4.8.83.jar:/home/me/.m2/repository/org/springframework/plugin/spring-plugin-core/2.0.0.RELEASE/spring-plugin-core-2.0.0.RELEASE.jar:/home/me/.m2/repository/org/springframework/plugin/spring-plugin-metadata/2.0.0.RELEASE/spring-plugin-metadata-2.0.0.RELEASE.jar:/home/me/.m2/repository/org/springdoc/springdoc-openapi-starter-webmvc-ui/2.3.0/springdoc-openapi-starter-webmvc-ui-2.3.0.jar:/home/me/.m2/repository/org/springdoc/springdoc-openapi-starter-webmvc-api/2.3.0/springdoc-openapi-starter-webmvc-api-2.3.0.jar:/home/me/.m2/repository/org/springdoc/springdoc-openapi-starter-common/2.3.0/springdoc-openapi-starter-common-2.3.0.jar:/home/me/.m2/repository/io/swagger/core/v3/swagger-core-jakarta/2.2.19/swagger-core-jakarta-2.2.19.jar:/home/me/.m2/repository/org/apache/commons/commons-lang3/3.13.0/commons-lang3-3.13.0.jar:/home/me/.m2/repository/io/swagger/core/v3/swagger-annotations-jakarta/2.2.19/swagger-annotations-jakarta-2.2.19.jar:/home/me/.m2/repository/io/swagger/core/v3/swagger-models-jakarta/2.2.19/swagger-models-jakarta-2.2.19.jar:/home/me/.m2/repository/jakarta/validation/jakarta.validation-api/3.0.2/jakarta.validation-api-3.0.2.jar:/home/me/.m2/repository/com/fasterxml/jackson/dataformat/jackson-dataformat-yaml/2.15.3/jackson-dataformat-yaml-2.15.3.jar:/home/me/.m2/repository/org/webjars/swagger-ui/5.10.3/swagger-ui-5.10.3.jar:"/>
    <property name="java.vm.vendor" value="Oracle Corporation"/>
    <property name="sun.arch.data.model" value="64"/>
    <property name="java.vendor.url" value="https://java.oracle.com/"/>
    <property name="user.timezone" value="Europe/Moscow"/>
    <property name="org.jboss.logging.provider" value="slf4j"/>
    <property name="os.name" value="Linux"/>
    <property name="java.vm.specification.version" value="17"/>
    <property name="sun.java.launcher" value="SUN_STANDARD"/>
    <property name="user.country" value="US"/>
    <property name="sun.boot.library.path" value="/usr/lib/jvm/jdk-17-oracle-x64/lib"/>
    <property name="sun.java.command" value="/home/me/GIT/testTasks/sportmaster/my/target/surefire/surefirebooter-20240323112343657_3.jar /home/me/GIT/testTasks/sportmaster/my/target/surefire 2024-03-23T11-23-43_606-jvmRun1 surefire-20240323112343657_1tmp surefire_0-20240323112343657_2tmp"/>
    <property name="jdk.debug" value="release"/>
    <property name="surefire.test.class.path" value="/home/me/GIT/testTasks/sportmaster/my/target/test-classes:/home/me/GIT/testTasks/sportmaster/my/target/classes:/home/me/.m2/repository/org/springframework/boot/spring-boot-starter-data-jpa/3.2.2/spring-boot-starter-data-jpa-3.2.2.jar:/home/me/.m2/repository/org/springframework/boot/spring-boot-starter-aop/3.2.2/spring-boot-starter-aop-3.2.2.jar:/home/me/.m2/repository/org/springframework/spring-aop/6.1.3/spring-aop-6.1.3.jar:/home/me/.m2/repository/org/aspectj/aspectjweaver/1.9.21/aspectjweaver-1.9.21.jar:/home/me/.m2/repository/org/springframework/boot/spring-boot-starter-jdbc/3.2.2/spring-boot-starter-jdbc-3.2.2.jar:/home/me/.m2/repository/com/zaxxer/HikariCP/5.0.1/HikariCP-5.0.1.jar:/home/me/.m2/repository/org/springframework/spring-jdbc/6.1.3/spring-jdbc-6.1.3.jar:/home/me/.m2/repository/org/hibernate/orm/hibernate-core/6.4.1.Final/hibernate-core-6.4.1.Final.jar:/home/me/.m2/repository/jakarta/persistence/jakarta.persistence-api/3.1.0/jakarta.persistence-api-3.1.0.jar:/home/me/.m2/repository/jakarta/transaction/jakarta.transaction-api/2.0.1/jakarta.transaction-api-2.0.1.jar:/home/me/.m2/repository/org/jboss/logging/jboss-logging/3.5.3.Final/jboss-logging-3.5.3.Final.jar:/home/me/.m2/repository/org/hibernate/common/hibernate-commons-annotations/6.0.6.Final/hibernate-commons-annotations-6.0.6.Final.jar:/home/me/.m2/repository/io/smallrye/jandex/3.1.2/jandex-3.1.2.jar:/home/me/.m2/repository/com/fasterxml/classmate/1.6.0/classmate-1.6.0.jar:/home/me/.m2/repository/org/glassfish/jaxb/jaxb-runtime/4.0.4/jaxb-runtime-4.0.4.jar:/home/me/.m2/repository/org/glassfish/jaxb/jaxb-core/4.0.4/jaxb-core-4.0.4.jar:/home/me/.m2/repository/org/eclipse/angus/angus-activation/2.0.1/angus-activation-2.0.1.jar:/home/me/.m2/repository/org/glassfish/jaxb/txw2/4.0.4/txw2-4.0.4.jar:/home/me/.m2/repository/com/sun/istack/istack-commons-runtime/4.1.2/istack-commons-runtime-4.1.2.jar:/home/me/.m2/repository/jakarta/inject/jakarta.inject-api/2.0.1/jakarta.inject-api-2.0.1.jar:/home/me/.m2/repository/org/antlr/antlr4-runtime/4.13.0/antlr4-runtime-4.13.0.jar:/home/me/.m2/repository/org/springframework/data/spring-data-jpa/3.2.2/spring-data-jpa-3.2.2.jar:/home/me/.m2/repository/org/springframework/data/spring-data-commons/3.2.2/spring-data-commons-3.2.2.jar:/home/me/.m2/repository/org/springframework/spring-orm/6.1.3/spring-orm-6.1.3.jar:/home/me/.m2/repository/org/springframework/spring-context/6.1.3/spring-context-6.1.3.jar:/home/me/.m2/repository/org/springframework/spring-tx/6.1.3/spring-tx-6.1.3.jar:/home/me/.m2/repository/org/springframework/spring-beans/6.1.3/spring-beans-6.1.3.jar:/home/me/.m2/repository/jakarta/annotation/jakarta.annotation-api/2.1.1/jakarta.annotation-api-2.1.1.jar:/home/me/.m2/repository/org/slf4j/slf4j-api/2.0.11/slf4j-api-2.0.11.jar:/home/me/.m2/repository/org/springframework/spring-aspects/6.1.3/spring-aspects-6.1.3.jar:/home/me/.m2/repository/org/springframework/boot/spring-boot-starter-web/3.2.2/spring-boot-starter-web-3.2.2.jar:/home/me/.m2/repository/org/springframework/boot/spring-boot-starter/3.2.2/spring-boot-starter-3.2.2.jar:/home/me/.m2/repository/org/springframework/boot/spring-boot/3.2.2/spring-boot-3.2.2.jar:/home/me/.m2/repository/org/springframework/boot/spring-boot-autoconfigure/3.2.2/spring-boot-autoconfigure-3.2.2.jar:/home/me/.m2/repository/org/springframework/boot/spring-boot-starter-logging/3.2.2/spring-boot-starter-logging-3.2.2.jar:/home/me/.m2/repository/ch/qos/logback/logback-classic/1.4.14/logback-classic-1.4.14.jar:/home/me/.m2/repository/ch/qos/logback/logback-core/1.4.14/logback-core-1.4.14.jar:/home/me/.m2/repository/org/apache/logging/log4j/log4j-to-slf4j/2.21.1/log4j-to-slf4j-2.21.1.jar:/home/me/.m2/repository/org/slf4j/jul-to-slf4j/2.0.11/jul-to-slf4j-2.0.11.jar:/home/me/.m2/repository/org/yaml/snakeyaml/2.2/snakeyaml-2.2.jar:/home/me/.m2/repository/org/springframework/boot/spring-boot-starter-json/3.2.2/spring-boot-starter-json-3.2.2.jar:/home/me/.m2/repository/com/fasterxml/jackson/core/jackson-databind/2.15.3/jackson-databind-2.15.3.jar:/home/me/.m2/repository/com/fasterxml/jackson/core/jackson-annotations/2.15.3/jackson-annotations-2.15.3.jar:/home/me/.m2/repository/com/fasterxml/jackson/core/jackson-core/2.15.3/jackson-core-2.15.3.jar:/home/me/.m2/repository/com/fasterxml/jackson/datatype/jackson-datatype-jdk8/2.15.3/jackson-datatype-jdk8-2.15.3.jar:/home/me/.m2/repository/com/fasterxml/jackson/datatype/jackson-datatype-jsr310/2.15.3/jackson-datatype-jsr310-2.15.3.jar:/home/me/.m2/repository/com/fasterxml/jackson/module/jackson-module-parameter-names/2.15.3/jackson-module-parameter-names-2.15.3.jar:/home/me/.m2/repository/org/springframework/boot/spring-boot-starter-tomcat/3.2.2/spring-boot-starter-tomcat-3.2.2.jar:/home/me/.m2/repository/org/apache/tomcat/embed/tomcat-embed-core/10.1.18/tomcat-embed-core-10.1.18.jar:/home/me/.m2/repository/org/apache/tomcat/embed/tomcat-embed-el/10.1.18/tomcat-embed-el-10.1.18.jar:/home/me/.m2/repository/org/apache/tomcat/embed/tomcat-embed-websocket/10.1.18/tomcat-embed-websocket-10.1.18.jar:/home/me/.m2/repository/org/springframework/spring-web/6.1.3/spring-web-6.1.3.jar:/home/me/.m2/repository/io/micrometer/micrometer-observation/1.12.2/micrometer-observation-1.12.2.jar:/home/me/.m2/repository/io/micrometer/micrometer-commons/1.12.2/micrometer-commons-1.12.2.jar:/home/me/.m2/repository/org/springframework/spring-webmvc/6.1.3/spring-webmvc-6.1.3.jar:/home/me/.m2/repository/org/springframework/spring-expression/6.1.3/spring-expression-6.1.3.jar:/home/me/.m2/repository/com/h2database/h2/2.2.224/h2-2.2.224.jar:/home/me/.m2/repository/org/projectlombok/lombok/1.18.30/lombok-1.18.30.jar:/home/me/.m2/repository/org/modelmapper/modelmapper/3.0.0/modelmapper-3.0.0.jar:/home/me/.m2/repository/org/springframework/boot/spring-boot-starter-test/3.2.2/spring-boot-starter-test-3.2.2.jar:/home/me/.m2/repository/org/springframework/boot/spring-boot-test/3.2.2/spring-boot-test-3.2.2.jar:/home/me/.m2/repository/org/springframework/boot/spring-boot-test-autoconfigure/3.2.2/spring-boot-test-autoconfigure-3.2.2.jar:/home/me/.m2/repository/com/jayway/jsonpath/json-path/2.8.0/json-path-2.8.0.jar:/home/me/.m2/repository/jakarta/xml/bind/jakarta.xml.bind-api/4.0.1/jakarta.xml.bind-api-4.0.1.jar:/home/me/.m2/repository/jakarta/activation/jakarta.activation-api/2.1.2/jakarta.activation-api-2.1.2.jar:/home/me/.m2/repository/net/minidev/json-smart/2.5.0/json-smart-2.5.0.jar:/home/me/.m2/repository/net/minidev/accessors-smart/2.5.0/accessors-smart-2.5.0.jar:/home/me/.m2/repository/org/ow2/asm/asm/9.3/asm-9.3.jar:/home/me/.m2/repository/org/awaitility/awaitility/4.2.0/awaitility-4.2.0.jar:/home/me/.m2/repository/org/hamcrest/hamcrest/2.2/hamcrest-2.2.jar:/home/me/.m2/repository/org/junit/jupiter/junit-jupiter/5.10.1/junit-jupiter-5.10.1.jar:/home/me/.m2/repository/org/junit/jupiter/junit-jupiter-api/5.10.1/junit-jupiter-api-5.10.1.jar:/home/me/.m2/repository/org/opentest4j/opentest4j/1.3.0/opentest4j-1.3.0.jar:/home/me/.m2/repository/org/junit/platform/junit-platform-commons/1.10.1/junit-platform-commons-1.10.1.jar:/home/me/.m2/repository/org/apiguardian/apiguardian-api/1.1.2/apiguardian-api-1.1.2.jar:/home/me/.m2/repository/org/junit/jupiter/junit-jupiter-params/5.10.1/junit-jupiter-params-5.10.1.jar:/home/me/.m2/repository/org/junit/jupiter/junit-jupiter-engine/5.10.1/junit-jupiter-engine-5.10.1.jar:/home/me/.m2/repository/org/junit/platform/junit-platform-engine/1.10.1/junit-platform-engine-1.10.1.jar:/home/me/.m2/repository/org/mockito/mockito-core/5.7.0/mockito-core-5.7.0.jar:/home/me/.m2/repository/net/bytebuddy/byte-buddy-agent/1.14.11/byte-buddy-agent-1.14.11.jar:/home/me/.m2/repository/org/objenesis/objenesis/3.3/objenesis-3.3.jar:/home/me/.m2/repository/org/mockito/mockito-junit-jupiter/5.7.0/mockito-junit-jupiter-5.7.0.jar:/home/me/.m2/repository/org/skyscreamer/jsonassert/1.5.1/jsonassert-1.5.1.jar:/home/me/.m2/repository/com/vaadin/external/google/android-json/0.0.20131108.vaadin1/android-json-0.0.20131108.vaadin1.jar:/home/me/.m2/repository/org/springframework/spring-core/6.1.3/spring-core-6.1.3.jar:/home/me/.m2/repository/org/springframework/spring-jcl/6.1.3/spring-jcl-6.1.3.jar:/home/me/.m2/repository/org/springframework/spring-test/6.1.3/spring-test-6.1.3.jar:/home/me/.m2/repository/org/xmlunit/xmlunit-core/2.9.1/xmlunit-core-2.9.1.jar:/home/me/.m2/repository/org/assertj/assertj-core/3.25.3/assertj-core-3.25.3.jar:/home/me/.m2/repository/net/bytebuddy/byte-buddy/1.14.11/byte-buddy-1.14.11.jar:/home/me/.m2/repository/org/apache/logging/log4j/log4j-api/2.6.1/log4j-api-2.6.1.jar:/home/me/.m2/repository/org/apache/logging/log4j/log4j-core/2.6.1/log4j-core-2.6.1.jar:/home/me/.m2/repository/io/springfox/springfox-swagger-ui/3.0.0/springfox-swagger-ui-3.0.0.jar:/home/me/.m2/repository/io/springfox/springfox-spring-webmvc/3.0.0/springfox-spring-webmvc-3.0.0.jar:/home/me/.m2/repository/io/springfox/springfox-spi/3.0.0/springfox-spi-3.0.0.jar:/home/me/.m2/repository/io/springfox/springfox-schema/3.0.0/springfox-schema-3.0.0.jar:/home/me/.m2/repository/io/springfox/springfox-core/3.0.0/springfox-core-3.0.0.jar:/home/me/.m2/repository/io/springfox/springfox-spring-web/3.0.0/springfox-spring-web-3.0.0.jar:/home/me/.m2/repository/io/github/classgraph/classgraph/4.8.83/classgraph-4.8.83.jar:/home/me/.m2/repository/org/springframework/plugin/spring-plugin-core/2.0.0.RELEASE/spring-plugin-core-2.0.0.RELEASE.jar:/home/me/.m2/repository/org/springframework/plugin/spring-plugin-metadata/2.0.0.RELEASE/spring-plugin-metadata-2.0.0.RELEASE.jar:/home/me/.m2/repository/org/springdoc/springdoc-openapi-starter-webmvc-ui/2.3.0/springdoc-openapi-starter-webmvc-ui-2.3.0.jar:/home/me/.m2/repository/org/springdoc/springdoc-openapi-starter-webmvc-api/2.3.0/springdoc-openapi-starter-webmvc-api-2.3.0.jar:/home/me/.m2/repository/org/springdoc/springdoc-openapi-starter-common/2.3.0/springdoc-openapi-starter-common-2.3.0.jar:/home/me/.m2/repository/io/swagger/core/v3/swagger-core-jakarta/2.2.19/swagger-core-jakarta-2.2.19.jar:/home/me/.m2/repository/org/apache/commons/commons-lang3/3.13.0/commons-lang3-3.13.0.jar:/home/me/.m2/repository/io/swagger/core/v3/swagger-annotations-jakarta/2.2.19/swagger-annotations-jakarta-2.2.19.jar:/home/me/.m2/repository/io/swagger/core/v3/swagger-models-jakarta/2.2.19/swagger-models-jakarta-2.2.19.jar:/home/me/.m2/repository/jakarta/validation/jakarta.validation-api/3.0.2/jakarta.validation-api-3.0.2.jar:/home/me/.m2/repository/com/fasterxml/jackson/dataformat/jackson-dataformat-yaml/2.15.3/jackson-dataformat-yaml-2.15.3.jar:/home/me/.m2/repository/org/webjars/swagger-ui/5.10.3/swagger-ui-5.10.3.jar:"/>
    <property name="sun.cpu.endian" value="little"/>
    <property name="user.home" value="/home/me"/>
    <property name="user.language" value="en"/>
    <property name="java.specification.vendor" value="Oracle Corporation"/>
    <property name="java.version.date" value="2024-01-16"/>
    <property name="java.home" value="/usr/lib/jvm/jdk-17-oracle-x64"/>
    <property name="file.separator" value="/"/>
    <property name="basedir" value="/home/me/GIT/testTasks/sportmaster/my"/>
    <property name="java.vm.compressedOopsMode" value="Zero based"/>
    <property name="line.separator" value="&#10;"/>
    <property name="java.specification.name" value="Java Platform API Specification"/>
    <property name="java.vm.specification.vendor" value="Oracle Corporation"/>
    <property name="FILE_LOG_CHARSET" value="UTF-8"/>
    <property name="java.awt.headless" value="true"/>
    <property name="surefire.real.class.path" value="/home/me/GIT/testTasks/sportmaster/my/target/surefire/surefirebooter-20240323112343657_3.jar"/>
    <property name="sun.management.compiler" value="HotSpot 64-Bit Tiered Compilers"/>
    <property name="java.runtime.version" value="17.0.10+11-LTS-240"/>
    <property name="user.name" value="me"/>
    <property name="path.separator" value=":"/>
    <property name="os.version" value="6.5.0-26-generic"/>
    <property name="java.runtime.name" value="Java(TM) SE Runtime Environment"/>
    <property name="file.encoding" value="UTF-8"/>
    <property name="java.vm.name" value="Java HotSpot(TM) 64-Bit Server VM"/>
    <property name="maven.ext.class.path" value="/home/me/netbeans-12.1/netbeans/java/maven-nblib/netbeans-eventspy.jar"/>
    <property name="localRepository" value="/home/me/.m2/repository"/>
    <property name="java.vendor.url.bug" value="https://bugreport.java.com/bugreport/"/>
    <property name="java.io.tmpdir" value="/tmp"/>
    <property name="com.zaxxer.hikari.pool_number" value="1"/>
    <property name="java.version" value="17.0.10"/>
    <property name="user.dir" value="/home/me/GIT/testTasks/sportmaster/my"/>
    <property name="os.arch" value="amd64"/>
    <property name="java.vm.specification.name" value="Java Virtual Machine Specification"/>
    <property name="PID" value="26995"/>
    <property name="CONSOLE_LOG_CHARSET" value="UTF-8"/>
    <property name="native.encoding" value="UTF-8"/>
    <property name="java.library.path" value="/usr/java/packages/lib:/usr/lib64:/lib64:/lib:/usr/lib"/>
    <property name="java.vm.info" value="mixed mode, sharing"/>
    <property name="java.vendor" value="Oracle Corporation"/>
    <property name="java.vm.version" value="17.0.10+11-LTS-240"/>
    <property name="sun.io.unicode.encoding" value="UnicodeLittle"/>
    <property name="java.class.version" value="61.0"/>
  </properties>
  <testcase name="shouldReturnAllEmployees" classname="com.onedayoffer.taskdistribution.TaskDistributionApplicationTests" time="0.489">
    <system-out><![CDATA[11:23:44.090 [main] INFO org.springframework.test.context.support.AnnotationConfigContextLoaderUtils -- Could not detect default configuration classes for test class [com.onedayoffer.taskdistribution.TaskDistributionApplicationTests]: TaskDistributionApplicationTests does not declare any static, non-private, non-final, nested classes annotated with @Configuration.
11:23:44.177 [main] INFO org.springframework.boot.test.context.SpringBootTestContextBootstrapper -- Found @SpringBootConfiguration com.onedayoffer.taskdistribution.TaskDistributionApplication for test class com.onedayoffer.taskdistribution.TaskDistributionApplicationTests

  .   ____          _            __ _ _
 /\\ / ___'_ __ _ _(_)_ __  __ _ \ \ \ \
( ( )\___ | '_ | '_| | '_ \/ _` | \ \ \ \
 \\/  ___)| |_)| | | | | || (_| |  ) ) ) )
  '  |____| .__|_| |_|_| |_\__, | / / / /
 =========|_|==============|___/=/_/_/_/
 :: Spring Boot ::                (v3.2.2)

2024-03-23T11:23:44.381+03:00  INFO 26995 --- [           main] c.o.t.TaskDistributionApplicationTests   : Starting TaskDistributionApplicationTests using Java 17.0.10 with PID 26995 (started by me in /home/me/GIT/testTasks/sportmaster/my)
2024-03-23T11:23:44.382+03:00  INFO 26995 --- [           main] c.o.t.TaskDistributionApplicationTests   : No active profile set, falling back to 1 default profile: "default"
2024-03-23T11:23:44.668+03:00  INFO 26995 --- [           main] .s.d.r.c.RepositoryConfigurationDelegate : Bootstrapping Spring Data JPA repositories in DEFAULT mode.
2024-03-23T11:23:44.696+03:00  INFO 26995 --- [           main] .s.d.r.c.RepositoryConfigurationDelegate : Finished Spring Data repository scanning in 22 ms. Found 2 JPA repository interfaces.
2024-03-23T11:23:45.057+03:00  INFO 26995 --- [           main] com.zaxxer.hikari.HikariDataSource       : HikariPool-1 - Starting...
2024-03-23T11:23:45.159+03:00  INFO 26995 --- [           main] com.zaxxer.hikari.pool.HikariPool        : HikariPool-1 - Added connection conn0: url=jdbc:h2:mem:taskdb user=SA
2024-03-23T11:23:45.160+03:00  INFO 26995 --- [           main] com.zaxxer.hikari.HikariDataSource       : HikariPool-1 - Start completed.
2024-03-23T11:23:45.191+03:00  INFO 26995 --- [           main] o.hibernate.jpa.internal.util.LogHelper  : HHH000204: Processing PersistenceUnitInfo [name: default]
2024-03-23T11:23:45.216+03:00  INFO 26995 --- [           main] org.hibernate.Version                    : HHH000412: Hibernate ORM core version 6.4.1.Final
2024-03-23T11:23:45.233+03:00  INFO 26995 --- [           main] o.h.c.internal.RegionFactoryInitiator    : HHH000026: Second-level cache disabled
2024-03-23T11:23:45.370+03:00  INFO 26995 --- [           main] o.s.o.j.p.SpringPersistenceUnitInfo      : No LoadTimeWeaver setup: ignoring JPA class transformer
2024-03-23T11:23:45.393+03:00  WARN 26995 --- [           main] org.hibernate.orm.deprecation            : HHH90000025: H2Dialect does not need to be specified explicitly using 'hibernate.dialect' (remove the property setting and it will be selected by default)
2024-03-23T11:23:45.897+03:00  INFO 26995 --- [           main] o.h.e.t.j.p.i.JtaPlatformInitiator       : HHH000489: No JTA platform available (set 'hibernate.transaction.jta.platform' to enable JTA platform integration)
2024-03-23T11:23:45.921+03:00  INFO 26995 --- [           main] j.LocalContainerEntityManagerFactoryBean : Initialized JPA EntityManagerFactory for persistence unit 'default'
2024-03-23T11:23:46.056+03:00  INFO 26995 --- [           main] o.s.d.j.r.query.QueryEnhancerFactory     : Hibernate is in classpath; If applicable, HQL parser will be used.
2024-03-23T11:23:46.406+03:00  WARN 26995 --- [           main] JpaBaseConfiguration$JpaWebConfiguration : spring.jpa.open-in-view is enabled by default. Therefore, database queries may be performed during view rendering. Explicitly configure spring.jpa.open-in-view to disable this warning
2024-03-23T11:23:46.689+03:00  INFO 26995 --- [           main] o.s.b.t.m.w.SpringBootMockServletContext : Initializing Spring TestDispatcherServlet ''
2024-03-23T11:23:46.690+03:00  INFO 26995 --- [           main] o.s.t.web.servlet.TestDispatcherServlet  : Initializing Servlet ''
2024-03-23T11:23:46.692+03:00  INFO 26995 --- [           main] o.s.t.web.servlet.TestDispatcherServlet  : Completed initialization in 0 ms
2024-03-23T11:23:46.705+03:00  INFO 26995 --- [           main] c.o.t.TaskDistributionApplicationTests   : Started TaskDistributionApplicationTests in 2.454 seconds (process running for 3.014)

MockHttpServletRequest:
      HTTP Method = GET
      Request URI = /employees
       Parameters = {}
          Headers = []
             Body = null
    Session Attrs = {}

Handler:
             Type = com.onedayoffer.taskdistribution.controllers.EmployeeController
           Method = com.onedayoffer.taskdistribution.controllers.EmployeeController#getEmployees(String)

Async:
    Async started = false
     Async result = null

Resolved Exception:
             Type = null

ModelAndView:
        View name = null
             View = null
            Model = null

FlashMap:
       Attributes = null

MockHttpServletResponse:
           Status = 200
    Error message = null
          Headers = [Content-Type:"application/json"]
     Content type = application/json
             Body = [{"fio":"Mark","jobTitle":"storekeeper","tasks":[{"id":1,"name":"task1","taskType":"ACCEPTANCE_OF_GOODS","status":"APPOINTED","priority":1,"leadTime":30},{"id":2,"name":"task2","taskType":"CUSTOMER_ASSISTANCE","status":"IN_PROGRESS","priority":2,"leadTime":5},{"id":3,"name":"task3","taskType":"INVENTORY","status":"IN_PROGRESS","priority":3,"leadTime":15}],"totalLeadTime":50},{"fio":"Pavel","jobTitle":"cashier","tasks":[{"id":4,"name":"task-aa","taskType":"CUSTOMER_ASSISTANCE","status":"DONE","priority":1,"leadTime":15},{"id":5,"name":"task-bb","taskType":"CUSTOMER_ASSISTANCE","status":"DONE","priority":2,"leadTime":15},{"id":6,"name":"new-task-cc","taskType":"INVENTORY","status":"APPOINTED","priority":1,"leadTime":60}],"totalLeadTime":90},{"fio":"Armen","jobTitle":"hall manager","tasks":[{"id":7,"name":"taskA","taskType":"CUSTOMER_ASSISTANCE","status":"IN_PROGRESS","priority":4,"leadTime":15}],"totalLeadTime":15},{"fio":"Boris","jobTitle":"hall employee","tasks":[{"id":8,"name":"task-for-boris-1","taskType":"CUSTOMER_SERVICE","status":"DONE","priority":1,"leadTime":30},{"id":9,"name":"task-for-boris-2","taskType":"ACCEPTANCE_OF_GOODS","status":"DONE","priority":2,"leadTime":25},{"id":10,"name":"task-for-boris-3","taskType":"CUSTOMER_ASSISTANCE","status":"APPOINTED","priority":3,"leadTime":10},{"id":11,"name":"task-for-boris-4","taskType":"CUSTOMER_ASSISTANCE","status":"IN_PROGRESS","priority":4,"leadTime":15},{"id":12,"name":"task-for-boris-5","taskType":"CUSTOMER_ASSISTANCE","status":"IN_PROGRESS","priority":4,"leadTime":15}],"totalLeadTime":95},{"fio":"Tamara","jobTitle":"hall employee","tasks":[{"id":13,"name":"taskA1","taskType":"CUSTOMER_ASSISTANCE","status":"IN_PROGRESS","priority":4,"leadTime":15}],"totalLeadTime":15}]
    Forwarded URL = null
   Redirected URL = null
          Cookies = []
]]></system-out>
  </testcase>
  <testcase name="shouldReturnAllEmployeesAndASCSort" classname="com.onedayoffer.taskdistribution.TaskDistributionApplicationTests" time="0.031">
    <system-out><![CDATA[
MockHttpServletRequest:
      HTTP Method = GET
      Request URI = /employees
       Parameters = {sort=[ASC]}
          Headers = []
             Body = null
    Session Attrs = {}

Handler:
             Type = com.onedayoffer.taskdistribution.controllers.EmployeeController
           Method = com.onedayoffer.taskdistribution.controllers.EmployeeController#getEmployees(String)

Async:
    Async started = false
     Async result = null

Resolved Exception:
             Type = null

ModelAndView:
        View name = null
             View = null
            Model = null

FlashMap:
       Attributes = null

MockHttpServletResponse:
           Status = 200
    Error message = null
          Headers = [Content-Type:"application/json"]
     Content type = application/json
             Body = [{"fio":"Armen","jobTitle":"hall manager","tasks":[{"id":7,"name":"taskA","taskType":"CUSTOMER_ASSISTANCE","status":"IN_PROGRESS","priority":4,"leadTime":15}],"totalLeadTime":15},{"fio":"Boris","jobTitle":"hall employee","tasks":[{"id":8,"name":"task-for-boris-1","taskType":"CUSTOMER_SERVICE","status":"DONE","priority":1,"leadTime":30},{"id":9,"name":"task-for-boris-2","taskType":"ACCEPTANCE_OF_GOODS","status":"DONE","priority":2,"leadTime":25},{"id":10,"name":"task-for-boris-3","taskType":"CUSTOMER_ASSISTANCE","status":"APPOINTED","priority":3,"leadTime":10},{"id":11,"name":"task-for-boris-4","taskType":"CUSTOMER_ASSISTANCE","status":"IN_PROGRESS","priority":4,"leadTime":15},{"id":12,"name":"task-for-boris-5","taskType":"CUSTOMER_ASSISTANCE","status":"IN_PROGRESS","priority":4,"leadTime":15}],"totalLeadTime":95},{"fio":"Mark","jobTitle":"storekeeper","tasks":[{"id":1,"name":"task1","taskType":"ACCEPTANCE_OF_GOODS","status":"APPOINTED","priority":1,"leadTime":30},{"id":2,"name":"task2","taskType":"CUSTOMER_ASSISTANCE","status":"IN_PROGRESS","priority":2,"leadTime":5},{"id":3,"name":"task3","taskType":"INVENTORY","status":"IN_PROGRESS","priority":3,"leadTime":15}],"totalLeadTime":50},{"fio":"Pavel","jobTitle":"cashier","tasks":[{"id":4,"name":"task-aa","taskType":"CUSTOMER_ASSISTANCE","status":"DONE","priority":1,"leadTime":15},{"id":5,"name":"task-bb","taskType":"CUSTOMER_ASSISTANCE","status":"DONE","priority":2,"leadTime":15},{"id":6,"name":"new-task-cc","taskType":"INVENTORY","status":"APPOINTED","priority":1,"leadTime":60}],"totalLeadTime":90},{"fio":"Tamara","jobTitle":"hall employee","tasks":[{"id":13,"name":"taskA1","taskType":"CUSTOMER_ASSISTANCE","status":"IN_PROGRESS","priority":4,"leadTime":15}],"totalLeadTime":15}]
    Forwarded URL = null
   Redirected URL = null
          Cookies = []
]]></system-out>
  </testcase>
  <testcase name="shouldChangeTaskStatus" classname="com.onedayoffer.taskdistribution.TaskDistributionApplicationTests" time="0.038">
    <system-out><![CDATA[
MockHttpServletRequest:
      HTTP Method = GET
      Request URI = /employees/5/tasks
       Parameters = {}
          Headers = []
             Body = null
    Session Attrs = {}

Handler:
             Type = com.onedayoffer.taskdistribution.controllers.EmployeeController
           Method = com.onedayoffer.taskdistribution.controllers.EmployeeController#getTasksByEmployeeId(Integer)

Async:
    Async started = false
     Async result = null

Resolved Exception:
             Type = null

ModelAndView:
        View name = null
             View = null
            Model = null

FlashMap:
       Attributes = null

MockHttpServletResponse:
           Status = 200
    Error message = null
          Headers = [Content-Type:"application/json"]
     Content type = application/json
             Body = [{"id":13,"name":"taskA1","taskType":"CUSTOMER_ASSISTANCE","status":"IN_PROGRESS","priority":4,"leadTime":15}]
    Forwarded URL = null
   Redirected URL = null
          Cookies = []

MockHttpServletRequest:
      HTTP Method = PATCH
      Request URI = /employees/5/tasks/13/status
       Parameters = {newStatus=[DONE]}
          Headers = []
             Body = null
    Session Attrs = {}

Handler:
             Type = com.onedayoffer.taskdistribution.controllers.EmployeeController
           Method = com.onedayoffer.taskdistribution.controllers.EmployeeController#changeTaskStatus(Integer, Integer, String)

Async:
    Async started = false
     Async result = null

Resolved Exception:
             Type = null

ModelAndView:
        View name = null
             View = null
            Model = null

FlashMap:
       Attributes = null

MockHttpServletResponse:
           Status = 200
    Error message = null
          Headers = []
     Content type = null
             Body = 
    Forwarded URL = null
   Redirected URL = null
          Cookies = []

MockHttpServletRequest:
      HTTP Method = GET
      Request URI = /employees/5/tasks
       Parameters = {}
          Headers = []
             Body = null
    Session Attrs = {}

Handler:
             Type = com.onedayoffer.taskdistribution.controllers.EmployeeController
           Method = com.onedayoffer.taskdistribution.controllers.EmployeeController#getTasksByEmployeeId(Integer)

Async:
    Async started = false
     Async result = null

Resolved Exception:
             Type = null

ModelAndView:
        View name = null
             View = null
            Model = null

FlashMap:
       Attributes = null

MockHttpServletResponse:
           Status = 200
    Error message = null
          Headers = [Content-Type:"application/json"]
     Content type = application/json
             Body = [{"id":13,"name":"taskA1","taskType":"CUSTOMER_ASSISTANCE","status":"DONE","priority":4,"leadTime":15}]
    Forwarded URL = null
   Redirected URL = null
          Cookies = []
]]></system-out>
  </testcase>
  <testcase name="shouldPostNewTask" classname="com.onedayoffer.taskdistribution.TaskDistributionApplicationTests" time="0.068">
    <system-out><![CDATA[
MockHttpServletRequest:
      HTTP Method = GET
      Request URI = /employees/2/tasks
       Parameters = {}
          Headers = []
             Body = null
    Session Attrs = {}

Handler:
             Type = com.onedayoffer.taskdistribution.controllers.EmployeeController
           Method = com.onedayoffer.taskdistribution.controllers.EmployeeController#getTasksByEmployeeId(Integer)

Async:
    Async started = false
     Async result = null

Resolved Exception:
             Type = null

ModelAndView:
        View name = null
             View = null
            Model = null

FlashMap:
       Attributes = null

MockHttpServletResponse:
           Status = 200
    Error message = null
          Headers = [Content-Type:"application/json"]
     Content type = application/json
             Body = [{"id":4,"name":"task-aa","taskType":"CUSTOMER_ASSISTANCE","status":"DONE","priority":1,"leadTime":15},{"id":5,"name":"task-bb","taskType":"CUSTOMER_ASSISTANCE","status":"DONE","priority":2,"leadTime":15},{"id":6,"name":"new-task-cc","taskType":"INVENTORY","status":"APPOINTED","priority":1,"leadTime":60}]
    Forwarded URL = null
   Redirected URL = null
          Cookies = []


MockHttpServletRequest:
      HTTP Method = POST
      Request URI = /employees/2/tasks
       Parameters = {}
          Headers = [Content-Type:"application/json;charset=UTF-8", Content-Length:"104"]
             Body = { "name": "new-task-123", "taskType": "INVENTORY", "status": "APPOINTED", "priority": 2, "leadTime": 8 }
    Session Attrs = {}

Handler:
             Type = com.onedayoffer.taskdistribution.controllers.EmployeeController
           Method = com.onedayoffer.taskdistribution.controllers.EmployeeController#postNewTask(Integer, TaskDTO)

Async:
    Async started = false
     Async result = null

Resolved Exception:
             Type = null

ModelAndView:
        View name = null
             View = null
            Model = null

FlashMap:
       Attributes = null

MockHttpServletResponse:
           Status = 201
    Error message = null
          Headers = []
     Content type = null
             Body = 
    Forwarded URL = null
   Redirected URL = null
          Cookies = []

MockHttpServletRequest:
      HTTP Method = GET
      Request URI = /employees/2/tasks
       Parameters = {}
          Headers = []
             Body = null
    Session Attrs = {}

Handler:
             Type = com.onedayoffer.taskdistribution.controllers.EmployeeController
           Method = com.onedayoffer.taskdistribution.controllers.EmployeeController#getTasksByEmployeeId(Integer)

Async:
    Async started = false
     Async result = null

Resolved Exception:
             Type = null

ModelAndView:
        View name = null
             View = null
            Model = null

FlashMap:
       Attributes = null

MockHttpServletResponse:
           Status = 200
    Error message = null
          Headers = [Content-Type:"application/json"]
     Content type = application/json
             Body = [{"id":4,"name":"task-aa","taskType":"CUSTOMER_ASSISTANCE","status":"DONE","priority":1,"leadTime":15},{"id":5,"name":"task-bb","taskType":"CUSTOMER_ASSISTANCE","status":"DONE","priority":2,"leadTime":15},{"id":6,"name":"new-task-cc","taskType":"INVENTORY","status":"APPOINTED","priority":1,"leadTime":60},{"id":14,"name":"new-task-123","taskType":"INVENTORY","status":"APPOINTED","priority":2,"leadTime":8}]
    Forwarded URL = null
   Redirected URL = null
          Cookies = []
]]></system-out>
  </testcase>
  <testcase name="shouldReturnOneEmployee" classname="com.onedayoffer.taskdistribution.TaskDistributionApplicationTests" time="0.007">
    <system-out><![CDATA[
MockHttpServletRequest:
      HTTP Method = GET
      Request URI = /employees/4
       Parameters = {}
          Headers = []
             Body = null
    Session Attrs = {}

Handler:
             Type = com.onedayoffer.taskdistribution.controllers.EmployeeController
           Method = com.onedayoffer.taskdistribution.controllers.EmployeeController#getOneEmployee(Integer)

Async:
    Async started = false
     Async result = null

Resolved Exception:
             Type = null

ModelAndView:
        View name = null
             View = null
            Model = null

FlashMap:
       Attributes = null

MockHttpServletResponse:
           Status = 200
    Error message = null
          Headers = [Content-Type:"application/json"]
     Content type = application/json
             Body = {"fio":"Boris","jobTitle":"hall employee","tasks":[{"id":8,"name":"task-for-boris-1","taskType":"CUSTOMER_SERVICE","status":"DONE","priority":1,"leadTime":30},{"id":9,"name":"task-for-boris-2","taskType":"ACCEPTANCE_OF_GOODS","status":"DONE","priority":2,"leadTime":25},{"id":10,"name":"task-for-boris-3","taskType":"CUSTOMER_ASSISTANCE","status":"APPOINTED","priority":3,"leadTime":10},{"id":11,"name":"task-for-boris-4","taskType":"CUSTOMER_ASSISTANCE","status":"IN_PROGRESS","priority":4,"leadTime":15},{"id":12,"name":"task-for-boris-5","taskType":"CUSTOMER_ASSISTANCE","status":"IN_PROGRESS","priority":4,"leadTime":15}],"totalLeadTime":95}
    Forwarded URL = null
   Redirected URL = null
          Cookies = []
]]></system-out>
  </testcase>
  <testcase name="shouldReturnTasksByEmployeeId" classname="com.onedayoffer.taskdistribution.TaskDistributionApplicationTests" time="0.007">
    <system-out><![CDATA[
MockHttpServletRequest:
      HTTP Method = GET
      Request URI = /employees/4/tasks
       Parameters = {}
          Headers = []
             Body = null
    Session Attrs = {}

Handler:
             Type = com.onedayoffer.taskdistribution.controllers.EmployeeController
           Method = com.onedayoffer.taskdistribution.controllers.EmployeeController#getTasksByEmployeeId(Integer)

Async:
    Async started = false
     Async result = null

Resolved Exception:
             Type = null

ModelAndView:
        View name = null
             View = null
            Model = null

FlashMap:
       Attributes = null

MockHttpServletResponse:
           Status = 200
    Error message = null
          Headers = [Content-Type:"application/json"]
     Content type = application/json
             Body = [{"id":8,"name":"task-for-boris-1","taskType":"CUSTOMER_SERVICE","status":"DONE","priority":1,"leadTime":30},{"id":9,"name":"task-for-boris-2","taskType":"ACCEPTANCE_OF_GOODS","status":"DONE","priority":2,"leadTime":25},{"id":10,"name":"task-for-boris-3","taskType":"CUSTOMER_ASSISTANCE","status":"APPOINTED","priority":3,"leadTime":10},{"id":11,"name":"task-for-boris-4","taskType":"CUSTOMER_ASSISTANCE","status":"IN_PROGRESS","priority":4,"leadTime":15},{"id":12,"name":"task-for-boris-5","taskType":"CUSTOMER_ASSISTANCE","status":"IN_PROGRESS","priority":4,"leadTime":15}]
    Forwarded URL = null
   Redirected URL = null
          Cookies = []
]]></system-out>
  </testcase>
</testsuite>